2015-01-12 00:00:31.039 chatry[2349:103536] DiskCookieStorage changing policy from 2 to 0, cookie file: file:///Users/montri.s/Library/Developer/CoreSimulator/Devices/5B2A1C05-8BAF-464D-AA93-DA1025E6FF38/data/Containers/Data/Application/8A768A96-BA3B-40AC-94A6-DB40617D7367/Library/Cookies/Cookies.binarycookies
2015-01-12 00:00:31.371 chatry[2349:103536] Apache Cordova native platform version 3.7.0 is starting.
2015-01-12 00:00:31.372 chatry[2349:103536] Multi-tasking -> Device: YES, App: YES
2015-01-12 00:00:31.387 chatry[2349:103536] Unlimited access to network resources
2015-01-12 00:00:31.398 chatry[2349:103536] 

Started backup to iCloud! Please be careful.
Your application might be rejected by Apple if you store too much data.
For more information please read "iOS Data Storage Guidelines" at:
https://developer.apple.com/icloud/documentation/data-storage/
To disable web storage backup to iCloud, set the BackupWebStorage preference to "local" in the Cordova config.xml file

2015-01-12 00:00:32.975 chatry[2349:103536] Resetting plugins due to page load.
2015-01-12 00:00:33.340 chatry[2349:103536] Finished load of: file:///Users/montri.s/Library/Developer/CoreSimulator/Devices/5B2A1C05-8BAF-464D-AA93-DA1025E6FF38/data/Containers/Bundle/Application/45A1EF7A-8FB3-4D5D-88E2-6F97ABDFCCCD/chatry.app/www/index.html
2015-01-18 23:33:01.325 chatry[23654:1997453] DiskCookieStorage changing policy from 2 to 0, cookie file: file:///Users/montri.s/Library/Developer/CoreSimulator/Devices/5B2A1C05-8BAF-464D-AA93-DA1025E6FF38/data/Containers/Data/Application/8774BFF2-3D54-47E2-A3A4-AA29AE2BC2F6/Library/Cookies/Cookies.binarycookies
2015-01-18 23:33:01.634 chatry[23654:1997453] Apache Cordova native platform version 3.7.0 is starting.
2015-01-18 23:33:01.634 chatry[23654:1997453] Multi-tasking -> Device: YES, App: YES
2015-01-18 23:33:01.651 chatry[23654:1997453] Unlimited access to network resources
2015-01-18 23:33:01.663 chatry[23654:1997453] 

Started backup to iCloud! Please be careful.
Your application might be rejected by Apple if you store too much data.
For more information please read "iOS Data Storage Guidelines" at:
https://developer.apple.com/icloud/documentation/data-storage/
To disable web storage backup to iCloud, set the BackupWebStorage preference to "local" in the Cordova config.xml file

2015-01-18 23:33:02.418 chatry[23654:1997453] Resetting plugins due to page load.
2015-01-18 23:33:02.966 chatry[23654:1997453] Finished load of: file:///Users/montri.s/Library/Developer/CoreSimulator/Devices/5B2A1C05-8BAF-464D-AA93-DA1025E6FF38/data/Containers/Bundle/Application/F6CE6A8A-08A3-4D25-AFC1-53C8781914BC/chatry.app/www/index.html
2015-01-18 23:43:50.158 chatry[24086:2003484] DiskCookieStorage changing policy from 2 to 0, cookie file: file:///Users/montri.s/Library/Developer/CoreSimulator/Devices/5B2A1C05-8BAF-464D-AA93-DA1025E6FF38/data/Containers/Data/Application/6DA0F8BC-2B13-4D9E-8072-9B45D0461664/Library/Cookies/Cookies.binarycookies
2015-01-18 23:43:50.487 chatry[24086:2003484] Apache Cordova native platform version 3.7.0 is starting.
2015-01-18 23:43:50.487 chatry[24086:2003484] Multi-tasking -> Device: YES, App: YES
2015-01-18 23:43:50.509 chatry[24086:2003484] Unlimited access to network resources
2015-01-18 23:43:50.525 chatry[24086:2003484] 

Started backup to iCloud! Please be careful.
Your application might be rejected by Apple if you store too much data.
For more information please read "iOS Data Storage Guidelines" at:
https://developer.apple.com/icloud/documentation/data-storage/
To disable web storage backup to iCloud, set the BackupWebStorage preference to "local" in the Cordova config.xml file

2015-01-18 23:43:51.282 chatry[24086:2003484] Resetting plugins due to page load.
2015-01-18 23:43:51.649 chatry[24086:2003484] Finished load of: file:///Users/montri.s/Library/Developer/CoreSimulator/Devices/5B2A1C05-8BAF-464D-AA93-DA1025E6FF38/data/Containers/Bundle/Application/FB590C81-ADA4-4C0B-80B9-D59C5778B205/chatry.app/www/index.html
2015-01-18 23:51:02.122 chatry[24460:2008008] DiskCookieStorage changing policy from 2 to 0, cookie file: file:///Users/montri.s/Library/Developer/CoreSimulator/Devices/5B2A1C05-8BAF-464D-AA93-DA1025E6FF38/data/Containers/Data/Application/548FEF11-D18E-4F80-8D59-46209C6B2A8E/Library/Cookies/Cookies.binarycookies
2015-01-18 23:51:02.351 chatry[24460:2008008] Apache Cordova native platform version 3.7.0 is starting.
2015-01-18 23:51:02.351 chatry[24460:2008008] Multi-tasking -> Device: YES, App: YES
2015-01-18 23:51:02.373 chatry[24460:2008008] Unlimited access to network resources
2015-01-18 23:51:02.386 chatry[24460:2008008] 

Started backup to iCloud! Please be careful.
Your application might be rejected by Apple if you store too much data.
For more information please read "iOS Data Storage Guidelines" at:
https://developer.apple.com/icloud/documentation/data-storage/
To disable web storage backup to iCloud, set the BackupWebStorage preference to "local" in the Cordova config.xml file

2015-01-18 23:51:03.047 chatry[24460:2008008] Resetting plugins due to page load.
2015-01-18 23:51:03.463 chatry[24460:2008008] Finished load of: file:///Users/montri.s/Library/Developer/CoreSimulator/Devices/5B2A1C05-8BAF-464D-AA93-DA1025E6FF38/data/Containers/Bundle/Application/DF8D17B1-D281-4961-BDB2-4E1BDBDAF2FA/chatry.app/www/index.html
2015-01-19 00:07:58.391 chatry[25019:2016333] DiskCookieStorage changing policy from 2 to 0, cookie file: file:///Users/montri.s/Library/Developer/CoreSimulator/Devices/5B2A1C05-8BAF-464D-AA93-DA1025E6FF38/data/Containers/Data/Application/6C67D248-3201-42CC-8ECA-DFF9FACD3D9B/Library/Cookies/Cookies.binarycookies
2015-01-19 00:07:58.786 chatry[25019:2016333] Apache Cordova native platform version 3.7.0 is starting.
2015-01-19 00:07:58.786 chatry[25019:2016333] Multi-tasking -> Device: YES, App: YES
2015-01-19 00:07:58.807 chatry[25019:2016333] Unlimited access to network resources
2015-01-19 00:07:58.824 chatry[25019:2016333] 

Started backup to iCloud! Please be careful.
Your application might be rejected by Apple if you store too much data.
For more information please read "iOS Data Storage Guidelines" at:
https://developer.apple.com/icloud/documentation/data-storage/
To disable web storage backup to iCloud, set the BackupWebStorage preference to "local" in the Cordova config.xml file

2015-01-19 00:07:59.636 chatry[25019:2016333] Resetting plugins due to page load.
2015-01-19 00:08:00.025 chatry[25019:2016333] Finished load of: file:///Users/montri.s/Library/Developer/CoreSimulator/Devices/5B2A1C05-8BAF-464D-AA93-DA1025E6FF38/data/Containers/Bundle/Application/D511B1F7-1A3F-4B36-BBF5-F0F9020E4024/chatry.app/www/index.html
2015-01-19 00:20:32.191 chatry[25457:2025331] DiskCookieStorage changing policy from 2 to 0, cookie file: file:///Users/montri.s/Library/Developer/CoreSimulator/Devices/5B2A1C05-8BAF-464D-AA93-DA1025E6FF38/data/Containers/Data/Application/DD3C6749-ADE8-481E-AFE5-722EEE3BDA64/Library/Cookies/Cookies.binarycookies
2015-01-19 00:20:32.536 chatry[25457:2025331] Apache Cordova native platform version 3.7.0 is starting.
2015-01-19 00:20:32.536 chatry[25457:2025331] Multi-tasking -> Device: YES, App: YES
2015-01-19 00:20:32.556 chatry[25457:2025331] Unlimited access to network resources
2015-01-19 00:20:32.571 chatry[25457:2025331] 

Started backup to iCloud! Please be careful.
Your application might be rejected by Apple if you store too much data.
For more information please read "iOS Data Storage Guidelines" at:
https://developer.apple.com/icloud/documentation/data-storage/
To disable web storage backup to iCloud, set the BackupWebStorage preference to "local" in the Cordova config.xml file

2015-01-19 00:20:33.548 chatry[25457:2025331] Resetting plugins due to page load.
2015-01-19 00:20:33.960 chatry[25457:2025331] Finished load of: file:///Users/montri.s/Library/Developer/CoreSimulator/Devices/5B2A1C05-8BAF-464D-AA93-DA1025E6FF38/data/Containers/Bundle/Application/A3B32C12-4E85-418E-B34A-9E905CF677E5/chatry.app/www/index.html
2015-01-19 00:22:19.509 chatry[25822:2027525] DiskCookieStorage changing policy from 2 to 0, cookie file: file:///Users/montri.s/Library/Developer/CoreSimulator/Devices/5B2A1C05-8BAF-464D-AA93-DA1025E6FF38/data/Containers/Data/Application/1B70BECD-AD05-475D-962E-4F89B80D7C62/Library/Cookies/Cookies.binarycookies
2015-01-19 00:22:19.613 chatry[25822:2027525] Apache Cordova native platform version 3.7.0 is starting.
2015-01-19 00:22:19.617 chatry[25822:2027525] Multi-tasking -> Device: YES, App: YES
2015-01-19 00:22:19.618 chatry[25822:2027525] Unlimited access to network resources
2015-01-19 00:22:19.621 chatry[25822:2027525] 

Started backup to iCloud! Please be careful.
Your application might be rejected by Apple if you store too much data.
For more information please read "iOS Data Storage Guidelines" at:
https://developer.apple.com/icloud/documentation/data-storage/
To disable web storage backup to iCloud, set the BackupWebStorage preference to "local" in the Cordova config.xml file

2015-01-19 00:22:20.013 chatry[25822:2027525] Resetting plugins due to page load.
2015-01-19 00:22:20.253 chatry[25822:2027525] Finished load of: file:///Users/montri.s/Library/Developer/CoreSimulator/Devices/5B2A1C05-8BAF-464D-AA93-DA1025E6FF38/data/Containers/Bundle/Application/5D8AC2CD-855E-4EBE-ADE1-163123058A7D/chatry.app/www/index.html
2015-01-19 00:50:21.914 chatry[26119:2038521] DiskCookieStorage changing policy from 2 to 0, cookie file: file:///Users/montri.s/Library/Developer/CoreSimulator/Devices/5B2A1C05-8BAF-464D-AA93-DA1025E6FF38/data/Containers/Data/Application/608C8792-88B2-4877-8EDA-227C90BBA80B/Library/Cookies/Cookies.binarycookies
2015-01-19 00:50:22.320 chatry[26119:2038521] Apache Cordova native platform version 3.7.0 is starting.
2015-01-19 00:50:22.320 chatry[26119:2038521] Multi-tasking -> Device: YES, App: YES
2015-01-19 00:50:22.342 chatry[26119:2038521] Unlimited access to network resources
2015-01-19 00:50:22.359 chatry[26119:2038521] 

Started backup to iCloud! Please be careful.
Your application might be rejected by Apple if you store too much data.
For more information please read "iOS Data Storage Guidelines" at:
https://developer.apple.com/icloud/documentation/data-storage/
To disable web storage backup to iCloud, set the BackupWebStorage preference to "local" in the Cordova config.xml file

2015-01-19 00:50:23.177 chatry[26119:2038521] Resetting plugins due to page load.
2015-01-19 00:50:23.575 chatry[26119:2038521] Finished load of: file:///Users/montri.s/Library/Developer/CoreSimulator/Devices/5B2A1C05-8BAF-464D-AA93-DA1025E6FF38/data/Containers/Bundle/Application/37D90C56-6A22-4843-AD87-D0FCBDA9428E/chatry.app/www/index.html
2015-01-19 00:52:03.437 chatry[26326:2039717] DiskCookieStorage changing policy from 2 to 0, cookie file: file:///Users/montri.s/Library/Developer/CoreSimulator/Devices/5B2A1C05-8BAF-464D-AA93-DA1025E6FF38/data/Containers/Data/Application/2ADCB39F-26DE-4EF2-B941-2E612CB1D8AF/Library/Cookies/Cookies.binarycookies
2015-01-19 00:52:03.544 chatry[26326:2039717] Apache Cordova native platform version 3.7.0 is starting.
2015-01-19 00:52:03.544 chatry[26326:2039717] Multi-tasking -> Device: YES, App: YES
2015-01-19 00:52:03.546 chatry[26326:2039717] Unlimited access to network resources
2015-01-19 00:52:03.549 chatry[26326:2039717] 

Started backup to iCloud! Please be careful.
Your application might be rejected by Apple if you store too much data.
For more information please read "iOS Data Storage Guidelines" at:
https://developer.apple.com/icloud/documentation/data-storage/
To disable web storage backup to iCloud, set the BackupWebStorage preference to "local" in the Cordova config.xml file

2015-01-19 00:52:03.919 chatry[26326:2039717] Resetting plugins due to page load.
2015-01-19 00:52:04.182 chatry[26326:2039717] Finished load of: file:///Users/montri.s/Library/Developer/CoreSimulator/Devices/5B2A1C05-8BAF-464D-AA93-DA1025E6FF38/data/Containers/Bundle/Application/C5EC42AB-8E31-42D1-B855-AE5E433FA175/chatry.app/www/index.html
2015-01-19 00:59:51.064 chatry[26561:2043847] DiskCookieStorage changing policy from 2 to 0, cookie file: file:///Users/montri.s/Library/Developer/CoreSimulator/Devices/5B2A1C05-8BAF-464D-AA93-DA1025E6FF38/data/Containers/Data/Application/A7FF99CE-26F1-456E-8C8E-A3B25EDCCA20/Library/Cookies/Cookies.binarycookies
2015-01-19 00:59:51.209 chatry[26561:2043847] Apache Cordova native platform version 3.7.0 is starting.
2015-01-19 00:59:51.209 chatry[26561:2043847] Multi-tasking -> Device: YES, App: YES
2015-01-19 00:59:51.211 chatry[26561:2043847] Unlimited access to network resources
2015-01-19 00:59:51.215 chatry[26561:2043847] 

Started backup to iCloud! Please be careful.
Your application might be rejected by Apple if you store too much data.
For more information please read "iOS Data Storage Guidelines" at:
https://developer.apple.com/icloud/documentation/data-storage/
To disable web storage backup to iCloud, set the BackupWebStorage preference to "local" in the Cordova config.xml file

2015-01-19 00:59:51.910 chatry[26561:2043847] Resetting plugins due to page load.
2015-01-19 00:59:52.219 chatry[26561:2043847] Finished load of: file:///Users/montri.s/Library/Developer/CoreSimulator/Devices/5B2A1C05-8BAF-464D-AA93-DA1025E6FF38/data/Containers/Bundle/Application/F00829A5-DD29-4A4F-9831-FBED2A198301/chatry.app/www/index.html
2015-01-19 01:00:57.105 chatry[26779:2045405] DiskCookieStorage changing policy from 2 to 0, cookie file: file:///Users/montri.s/Library/Developer/CoreSimulator/Devices/5B2A1C05-8BAF-464D-AA93-DA1025E6FF38/data/Containers/Data/Application/47893AC9-6A9E-4960-83F7-3F3BA9010114/Library/Cookies/Cookies.binarycookies
2015-01-19 01:00:57.212 chatry[26779:2045405] Apache Cordova native platform version 3.7.0 is starting.
2015-01-19 01:00:57.213 chatry[26779:2045405] Multi-tasking -> Device: YES, App: YES
2015-01-19 01:00:57.216 chatry[26779:2045405] Unlimited access to network resources
2015-01-19 01:00:57.219 chatry[26779:2045405] 

Started backup to iCloud! Please be careful.
Your application might be rejected by Apple if you store too much data.
For more information please read "iOS Data Storage Guidelines" at:
https://developer.apple.com/icloud/documentation/data-storage/
To disable web storage backup to iCloud, set the BackupWebStorage preference to "local" in the Cordova config.xml file

2015-01-19 01:00:57.594 chatry[26779:2045405] Resetting plugins due to page load.
2015-01-19 01:00:57.898 chatry[26779:2045405] Finished load of: file:///Users/montri.s/Library/Developer/CoreSimulator/Devices/5B2A1C05-8BAF-464D-AA93-DA1025E6FF38/data/Containers/Bundle/Application/DBC4F903-C49F-4ECC-A79A-B89D775777ED/chatry.app/www/index.html
2015-01-19 01:05:20.340 chatry[27127:2048353] DiskCookieStorage changing policy from 2 to 0, cookie file: file:///Users/montri.s/Library/Developer/CoreSimulator/Devices/5B2A1C05-8BAF-464D-AA93-DA1025E6FF38/data/Containers/Data/Application/BA93FEDB-F54A-42F5-A1B1-2F823628DF3A/Library/Cookies/Cookies.binarycookies
2015-01-19 01:05:20.457 chatry[27127:2048353] Apache Cordova native platform version 3.7.0 is starting.
2015-01-19 01:05:20.457 chatry[27127:2048353] Multi-tasking -> Device: YES, App: YES
2015-01-19 01:05:20.459 chatry[27127:2048353] Unlimited access to network resources
2015-01-19 01:05:20.463 chatry[27127:2048353] 

Started backup to iCloud! Please be careful.
Your application might be rejected by Apple if you store too much data.
For more information please read "iOS Data Storage Guidelines" at:
https://developer.apple.com/icloud/documentation/data-storage/
To disable web storage backup to iCloud, set the BackupWebStorage preference to "local" in the Cordova config.xml file

2015-01-19 01:05:20.878 chatry[27127:2048353] Resetting plugins due to page load.
2015-01-19 01:05:21.150 chatry[27127:2048353] Finished load of: file:///Users/montri.s/Library/Developer/CoreSimulator/Devices/5B2A1C05-8BAF-464D-AA93-DA1025E6FF38/data/Containers/Bundle/Application/0D022109-B12C-4C7E-8217-08A4127E01B2/chatry.app/www/index.html
2015-01-19 01:42:19.301 chatry[27606:2064353] DiskCookieStorage changing policy from 2 to 0, cookie file: file:///Users/montri.s/Library/Developer/CoreSimulator/Devices/5B2A1C05-8BAF-464D-AA93-DA1025E6FF38/data/Containers/Data/Application/4E16B2FB-045A-4A09-8385-AA51EDBEF625/Library/Cookies/Cookies.binarycookies
2015-01-19 01:42:19.584 chatry[27606:2064353] Apache Cordova native platform version 3.7.0 is starting.
2015-01-19 01:42:19.585 chatry[27606:2064353] Multi-tasking -> Device: YES, App: YES
2015-01-19 01:42:19.599 chatry[27606:2064353] Unlimited access to network resources
2015-01-19 01:42:19.611 chatry[27606:2064353] 

Started backup to iCloud! Please be careful.
Your application might be rejected by Apple if you store too much data.
For more information please read "iOS Data Storage Guidelines" at:
https://developer.apple.com/icloud/documentation/data-storage/
To disable web storage backup to iCloud, set the BackupWebStorage preference to "local" in the Cordova config.xml file

2015-01-19 01:42:20.321 chatry[27606:2064353] Resetting plugins due to page load.
2015-01-19 01:42:20.701 chatry[27606:2064353] Finished load of: file:///Users/montri.s/Library/Developer/CoreSimulator/Devices/5B2A1C05-8BAF-464D-AA93-DA1025E6FF38/data/Containers/Bundle/Application/D5DD7DB7-FBC2-4C52-8A46-719C6C3B7A22/chatry.app/www/index.html
2015-01-19 01:46:12.146 chatry[27972:2067338] DiskCookieStorage changing policy from 2 to 0, cookie file: file:///Users/montri.s/Library/Developer/CoreSimulator/Devices/5B2A1C05-8BAF-464D-AA93-DA1025E6FF38/data/Containers/Data/Application/526E0346-D94C-4106-983D-BEB8127E9A0C/Library/Cookies/Cookies.binarycookies
2015-01-19 01:46:12.301 chatry[27972:2067338] Apache Cordova native platform version 3.7.0 is starting.
2015-01-19 01:46:12.301 chatry[27972:2067338] Multi-tasking -> Device: YES, App: YES
2015-01-19 01:46:12.303 chatry[27972:2067338] Unlimited access to network resources
2015-01-19 01:46:12.307 chatry[27972:2067338] 

Started backup to iCloud! Please be careful.
Your application might be rejected by Apple if you store too much data.
For more information please read "iOS Data Storage Guidelines" at:
https://developer.apple.com/icloud/documentation/data-storage/
To disable web storage backup to iCloud, set the BackupWebStorage preference to "local" in the Cordova config.xml file

2015-01-19 01:46:12.822 chatry[27972:2067338] Resetting plugins due to page load.
2015-01-19 01:46:13.158 chatry[27972:2067338] Finished load of: file:///Users/montri.s/Library/Developer/CoreSimulator/Devices/5B2A1C05-8BAF-464D-AA93-DA1025E6FF38/data/Containers/Bundle/Application/384514CB-0B6F-4F17-93CC-BEEA73AE8DB2/chatry.app/www/index.html
2015-01-19 10:09:29.654 chatry[27972:2162794] Terminating since there is no system app.
